[UAPUnit]09/30 14:26:28,643  INFO [main] ExcelDataProvider:34 - excelPath:F:\java-design-patterns\abstract-factory\out\bin\resources\data\excel\AppTest.xls
[UAPUnit]09/30 14:26:28,746  WARN [main] AppLogMgrImpl:178 - invalid log path(debug.log), verification of this file will be skipped 
[UAPUnit]09/30 14:26:28,842 ERROR [main] DBManage:44 - No suitable driver found for jdbc:sqlserver://uapxt02:1433;database=newwf_1010;sendStringParametersAsUnicode=false;responseBuffering=adaptive
[UAPUnit]09/30 14:26:28,844  INFO [main] DBManage:51 - dataFile path:c:\temp\datafile.xml
[UAPUnit]09/30 14:26:28,856 ERROR [main] DBManage:56 - 
[UAPUnit]09/30 14:26:28,985 ERROR [main] DBManage:91 - No suitable driver found for jdbc:sqlserver://uapxt02:1433;database=newwf_1010;sendStringParametersAsUnicode=false;responseBuffering=adaptive
[UAPUnit]09/30 14:26:28,986 ERROR [main] DBManage:66 - connection is null !
[UAPUnit]09/30 14:26:29,038  INFO [main] ExcelDataProvider:34 - excelPath:F:\java-design-patterns\abstract-factory\out\bin\resources\data\excel\AppTest.xls
[UAPUnit]09/30 14:26:29,082  WARN [main] AppLogMgrImpl:178 - invalid log path(debug.log), verification of this file will be skipped 
[UAPUnit]09/30 14:26:29,085 ERROR [main] DBManage:44 - No suitable driver found for jdbc:sqlserver://uapxt02:1433;database=newwf_1010;sendStringParametersAsUnicode=false;responseBuffering=adaptive
[UAPUnit]09/30 14:26:29,086  INFO [main] DBManage:51 - dataFile path:c:\temp\datafile.xml
[UAPUnit]09/30 14:26:29,086 ERROR [main] DBManage:56 - 
[UAPUnit]09/30 14:26:35,064 ERROR [main] DBManage:91 - No suitable driver found for jdbc:sqlserver://uapxt02:1433;database=newwf_1010;sendStringParametersAsUnicode=false;responseBuffering=adaptive
[UAPUnit]09/30 14:26:35,065 ERROR [main] DBManage:66 - connection is null !
[UAPUnit]09/30 14:28:37,915  INFO [main] ExcelDataProvider:34 - excelPath:F:\java-design-patterns\abstract-factory\out\bin\resources\data\excel\AppTest.xls
[UAPUnit]09/30 14:28:38,011  WARN [main] AppLogMgrImpl:178 - invalid log path(debug.log), verification of this file will be skipped 
[UAPUnit]09/30 14:28:38,096 ERROR [main] DBManage:44 - No suitable driver found for jdbc:sqlserver://uapxt02:1433;database=newwf_1010;sendStringParametersAsUnicode=false;responseBuffering=adaptive
[UAPUnit]09/30 14:28:38,097  INFO [main] DBManage:51 - dataFile path:c:\temp\datafile.xml
[UAPUnit]09/30 14:28:38,109 ERROR [main] DBManage:56 - 
[UAPUnit]09/30 14:28:38,232 ERROR [main] DBManage:91 - No suitable driver found for jdbc:sqlserver://uapxt02:1433;database=newwf_1010;sendStringParametersAsUnicode=false;responseBuffering=adaptive
[UAPUnit]09/30 14:28:38,233 ERROR [main] DBManage:66 - connection is null !
[UAPUnit]09/30 14:28:38,286  INFO [main] ExcelDataProvider:34 - excelPath:F:\java-design-patterns\abstract-factory\out\bin\resources\data\excel\AppTest.xls
[UAPUnit]09/30 14:28:38,325  WARN [main] AppLogMgrImpl:178 - invalid log path(debug.log), verification of this file will be skipped 
[UAPUnit]09/30 14:28:38,327 ERROR [main] DBManage:44 - No suitable driver found for jdbc:sqlserver://uapxt02:1433;database=newwf_1010;sendStringParametersAsUnicode=false;responseBuffering=adaptive
[UAPUnit]09/30 14:28:38,328  INFO [main] DBManage:51 - dataFile path:c:\temp\datafile.xml
[UAPUnit]09/30 14:28:38,328 ERROR [main] DBManage:56 - 
[UAPUnit]09/30 14:29:27,268 ERROR [main] DBManage:91 - No suitable driver found for jdbc:sqlserver://uapxt02:1433;database=newwf_1010;sendStringParametersAsUnicode=false;responseBuffering=adaptive
[UAPUnit]09/30 14:29:27,269 ERROR [main] DBManage:66 - connection is null !
[UAPUnit]09/30 14:31:25,747  INFO [main] ExcelDataProvider:34 - excelPath:F:\java-design-patterns\abstract-factory\out\bin\resources\data\excel\AppTest.xls
[UAPUnit]09/30 14:31:25,849  WARN [main] AppLogMgrImpl:178 - invalid log path(debug.log), verification of this file will be skipped 
[UAPUnit]09/30 14:31:25,945 ERROR [main] DBManage:44 - No suitable driver found for jdbc:sqlserver://uapxt02:1433;database=newwf_1010;sendStringParametersAsUnicode=false;responseBuffering=adaptive
[UAPUnit]09/30 14:31:25,947  INFO [main] DBManage:51 - dataFile path:c:\temp\datafile.xml
[UAPUnit]09/30 14:31:25,959 ERROR [main] DBManage:56 - 
[UAPUnit]09/30 14:31:26,087 ERROR [main] DBManage:91 - No suitable driver found for jdbc:sqlserver://uapxt02:1433;database=newwf_1010;sendStringParametersAsUnicode=false;responseBuffering=adaptive
[UAPUnit]09/30 14:31:26,088 ERROR [main] DBManage:66 - connection is null !
[UAPUnit]09/30 14:31:26,137  INFO [main] ExcelDataProvider:34 - excelPath:F:\java-design-patterns\abstract-factory\out\bin\resources\data\excel\AppTest.xls
[UAPUnit]09/30 14:31:26,174  WARN [main] AppLogMgrImpl:178 - invalid log path(debug.log), verification of this file will be skipped 
[UAPUnit]09/30 14:31:26,177 ERROR [main] DBManage:44 - No suitable driver found for jdbc:sqlserver://uapxt02:1433;database=newwf_1010;sendStringParametersAsUnicode=false;responseBuffering=adaptive
[UAPUnit]09/30 14:31:26,177  INFO [main] DBManage:51 - dataFile path:c:\temp\datafile.xml
[UAPUnit]09/30 14:31:26,178 ERROR [main] DBManage:56 - 
[UAPUnit]09/30 14:31:41,282 ERROR [main] DBManage:91 - No suitable driver found for jdbc:sqlserver://uapxt02:1433;database=newwf_1010;sendStringParametersAsUnicode=false;responseBuffering=adaptive
[UAPUnit]09/30 14:31:41,283 ERROR [main] DBManage:66 - connection is null !
[UAPUnit]09/30 14:32:42,897  INFO [main] ExcelDataProvider:34 - excelPath:F:\java-design-patterns\abstract-factory\out\bin\resources\data\excel\AppTest.xls
[UAPUnit]09/30 14:32:43,005  WARN [main] AppLogMgrImpl:178 - invalid log path(debug.log), verification of this file will be skipped 
[UAPUnit]09/30 14:32:43,107 ERROR [main] DBManage:44 - No suitable driver found for jdbc:sqlserver://uapxt02:1433;database=newwf_1010;sendStringParametersAsUnicode=false;responseBuffering=adaptive
[UAPUnit]09/30 14:32:43,109  INFO [main] DBManage:51 - dataFile path:c:\temp\datafile.xml
[UAPUnit]09/30 14:32:43,121 ERROR [main] DBManage:56 - 
[UAPUnit]09/30 14:32:53,259 ERROR [main] DBManage:91 - No suitable driver found for jdbc:sqlserver://uapxt02:1433;database=newwf_1010;sendStringParametersAsUnicode=false;responseBuffering=adaptive
[UAPUnit]09/30 14:32:53,260 ERROR [main] DBManage:66 - connection is null !
[UAPUnit]09/30 14:32:53,323  INFO [main] ExcelDataProvider:34 - excelPath:F:\java-design-patterns\abstract-factory\out\bin\resources\data\excel\AppTest.xls
[UAPUnit]09/30 14:32:53,360  WARN [main] AppLogMgrImpl:178 - invalid log path(debug.log), verification of this file will be skipped 
[UAPUnit]09/30 14:32:53,363 ERROR [main] DBManage:44 - No suitable driver found for jdbc:sqlserver://uapxt02:1433;database=newwf_1010;sendStringParametersAsUnicode=false;responseBuffering=adaptive
[UAPUnit]09/30 14:32:53,364  INFO [main] DBManage:51 - dataFile path:c:\temp\datafile.xml
[UAPUnit]09/30 14:32:53,364 ERROR [main] DBManage:56 - 
[UAPUnit]09/30 14:33:02,088 ERROR [main] DBManage:91 - No suitable driver found for jdbc:sqlserver://uapxt02:1433;database=newwf_1010;sendStringParametersAsUnicode=false;responseBuffering=adaptive
[UAPUnit]09/30 14:33:02,090 ERROR [main] DBManage:66 - connection is null !
[UAPUnit]09/30 14:33:27,817  INFO [main] ExcelDataProvider:34 - excelPath:F:\java-design-patterns\abstract-factory\out\bin\resources\data\excel\AppTest.xls
[UAPUnit]09/30 14:33:27,922  WARN [main] AppLogMgrImpl:178 - invalid log path(debug.log), verification of this file will be skipped 
[UAPUnit]09/30 14:33:28,019 ERROR [main] DBManage:44 - No suitable driver found for jdbc:sqlserver://uapxt02:1433;database=newwf_1010;sendStringParametersAsUnicode=false;responseBuffering=adaptive
[UAPUnit]09/30 14:33:28,021  INFO [main] DBManage:51 - dataFile path:c:\temp\datafile.xml
[UAPUnit]09/30 14:33:28,033 ERROR [main] DBManage:56 - 
[UAPUnit]09/30 14:33:29,154 ERROR [main] DBManage:91 - No suitable driver found for jdbc:sqlserver://uapxt02:1433;database=newwf_1010;sendStringParametersAsUnicode=false;responseBuffering=adaptive
[UAPUnit]09/30 14:33:29,155 ERROR [main] DBManage:66 - connection is null !
[UAPUnit]09/30 14:33:29,221  INFO [main] ExcelDataProvider:34 - excelPath:F:\java-design-patterns\abstract-factory\out\bin\resources\data\excel\AppTest.xls
[UAPUnit]09/30 14:33:29,260  WARN [main] AppLogMgrImpl:178 - invalid log path(debug.log), verification of this file will be skipped 
[UAPUnit]09/30 14:33:29,262 ERROR [main] DBManage:44 - No suitable driver found for jdbc:sqlserver://uapxt02:1433;database=newwf_1010;sendStringParametersAsUnicode=false;responseBuffering=adaptive
[UAPUnit]09/30 14:33:29,263  INFO [main] DBManage:51 - dataFile path:c:\temp\datafile.xml
[UAPUnit]09/30 14:33:29,263 ERROR [main] DBManage:56 - 
[UAPUnit]09/30 14:33:32,699 ERROR [main] DBManage:91 - No suitable driver found for jdbc:sqlserver://uapxt02:1433;database=newwf_1010;sendStringParametersAsUnicode=false;responseBuffering=adaptive
[UAPUnit]09/30 14:33:32,700 ERROR [main] DBManage:66 - connection is null !
[UAPUnit]09/30 14:34:04,566  INFO [main] ExcelDataProvider:34 - excelPath:F:\java-design-patterns\abstract-factory\out\bin\resources\data\excel\AppTest.xls
[UAPUnit]09/30 14:34:04,669  WARN [main] AppLogMgrImpl:178 - invalid log path(debug.log), verification of this file will be skipped 
[UAPUnit]09/30 14:34:04,767 ERROR [main] DBManage:44 - No suitable driver found for jdbc:sqlserver://uapxt02:1433;database=newwf_1010;sendStringParametersAsUnicode=false;responseBuffering=adaptive
[UAPUnit]09/30 14:34:04,769  INFO [main] DBManage:51 - dataFile path:c:\temp\datafile.xml
[UAPUnit]09/30 14:34:04,780 ERROR [main] DBManage:56 - 
[UAPUnit]09/30 14:34:24,774 ERROR [main] DBManage:91 - No suitable driver found for jdbc:sqlserver://uapxt02:1433;database=newwf_1010;sendStringParametersAsUnicode=false;responseBuffering=adaptive
[UAPUnit]09/30 14:34:24,775 ERROR [main] DBManage:66 - connection is null !
[UAPUnit]09/30 14:34:24,846  INFO [main] ExcelDataProvider:34 - excelPath:F:\java-design-patterns\abstract-factory\out\bin\resources\data\excel\AppTest.xls
[UAPUnit]09/30 14:34:24,882  WARN [main] AppLogMgrImpl:178 - invalid log path(debug.log), verification of this file will be skipped 
[UAPUnit]09/30 14:34:24,885 ERROR [main] DBManage:44 - No suitable driver found for jdbc:sqlserver://uapxt02:1433;database=newwf_1010;sendStringParametersAsUnicode=false;responseBuffering=adaptive
[UAPUnit]09/30 14:34:24,885  INFO [main] DBManage:51 - dataFile path:c:\temp\datafile.xml
[UAPUnit]09/30 14:34:24,886 ERROR [main] DBManage:56 - 
[UAPUnit]09/30 14:34:33,715 ERROR [main] DBManage:91 - No suitable driver found for jdbc:sqlserver://uapxt02:1433;database=newwf_1010;sendStringParametersAsUnicode=false;responseBuffering=adaptive
[UAPUnit]09/30 14:34:33,716 ERROR [main] DBManage:66 - connection is null !
[UAPUnit]09/30 14:35:19,213  INFO [main] ExcelDataProvider:34 - excelPath:F:\java-design-patterns\abstract-factory\out\bin\resources\data\excel\AppTest.xls
[UAPUnit]09/30 14:35:19,314  WARN [main] AppLogMgrImpl:178 - invalid log path(debug.log), verification of this file will be skipped 
[UAPUnit]09/30 14:35:19,412 ERROR [main] DBManage:44 - No suitable driver found for jdbc:sqlserver://uapxt02:1433;database=newwf_1010;sendStringParametersAsUnicode=false;responseBuffering=adaptive
[UAPUnit]09/30 14:35:19,414  INFO [main] DBManage:51 - dataFile path:c:\temp\datafile.xml
[UAPUnit]09/30 14:35:19,427 ERROR [main] DBManage:56 - 
[UAPUnit]09/30 14:35:21,409 ERROR [main] DBManage:91 - No suitable driver found for jdbc:sqlserver://uapxt02:1433;database=newwf_1010;sendStringParametersAsUnicode=false;responseBuffering=adaptive
[UAPUnit]09/30 14:35:21,410 ERROR [main] DBManage:66 - connection is null !
[UAPUnit]09/30 14:35:21,460  INFO [main] ExcelDataProvider:34 - excelPath:F:\java-design-patterns\abstract-factory\out\bin\resources\data\excel\AppTest.xls
[UAPUnit]09/30 14:35:21,515  WARN [main] AppLogMgrImpl:178 - invalid log path(debug.log), verification of this file will be skipped 
[UAPUnit]09/30 14:35:21,519 ERROR [main] DBManage:44 - No suitable driver found for jdbc:sqlserver://uapxt02:1433;database=newwf_1010;sendStringParametersAsUnicode=false;responseBuffering=adaptive
[UAPUnit]09/30 14:35:21,520  INFO [main] DBManage:51 - dataFile path:c:\temp\datafile.xml
[UAPUnit]09/30 14:35:21,520 ERROR [main] DBManage:56 - 
[UAPUnit]09/30 14:37:01,536 ERROR [main] DBManage:91 - No suitable driver found for jdbc:sqlserver://uapxt02:1433;database=newwf_1010;sendStringParametersAsUnicode=false;responseBuffering=adaptive
[UAPUnit]09/30 14:37:01,536 ERROR [main] DBManage:66 - connection is null !
